<?xml version="1.0" encoding="UTF-8"?>
<testsuites>
  <testsuite name="MILFPHP" tests="5" assertions="5" failures="0" errors="0" time="0.001513">
    <testsuite name="MILF\Test\UrlManagerTest" file="/Users/Fuzzy/milf/milfphp/tests/UrlManagerTest.php" tests="5" assertions="5" failures="0" errors="0" time="0.001513">
      <testsuite name="MILF\Test\UrlManagerTest::test_createUrl" tests="3" assertions="3" failures="0" errors="0" time="0.000969">
        <testcase name="test_createUrl with data set #0" assertions="1" time="0.000502"/>
        <testcase name="test_createUrl with data set #1" assertions="1" time="0.000246"/>
        <testcase name="test_createUrl with data set #2" assertions="1" time="0.000221"/>
      </testsuite>
      <testsuite name="MILF\Test\UrlManagerTest::test_parseUrl" tests="2" assertions="2" failures="0" errors="0" time="0.000544">
        <testcase name="test_parseUrl with data set #0" assertions="1" time="0.000311"/>
        <testcase name="test_parseUrl with data set #1" assertions="1" time="0.000233"/>
      </testsuite>
    </testsuite>
  </testsuite>
</testsuites>
