<?xml version="1.0" encoding="UTF-8"?>
<testsuites>
  <testsuite name="CommonPHP" tests="24" assertions="40" failures="0" errors="0" time="0.047371">
    <testsuite name="Common\Test\ApiControllerTest" file="/Users/Fuzzy/milf/milfphp/tests/ApiController.php" tests="9" assertions="9" failures="0" errors="0" time="0.008404">
      <testsuite name="Common\Test\ApiControllerTest::test_renderJSON" tests="3" assertions="3" failures="0" errors="0" time="0.006303">
        <testcase name="test_renderJSON with data set #0" assertions="1" time="0.001973"/>
        <testcase name="test_renderJSON with data set #1" assertions="1" time="0.001956"/>
        <testcase name="test_renderJSON with data set #2" assertions="1" time="0.002374"/>
      </testsuite>
      <testsuite name="Common\Test\ApiControllerTest::test_getReadLink" tests="2" assertions="2" failures="0" errors="0" time="0.001010">
        <testcase name="test_getReadLink with data set #0" assertions="1" time="0.000712"/>
        <testcase name="test_getReadLink with data set #1" assertions="1" time="0.000298"/>
      </testsuite>
      <testsuite name="Common\Test\ApiControllerTest::test_getHashID" tests="4" assertions="4" failures="0" errors="0" time="0.001091">
        <testcase name="test_getHashID with data set #0" assertions="1" time="0.000260"/>
        <testcase name="test_getHashID with data set #1" assertions="1" time="0.000244"/>
        <testcase name="test_getHashID with data set #2" assertions="1" time="0.000333"/>
        <testcase name="test_getHashID with data set #3" assertions="1" time="0.000254"/>
      </testsuite>
    </testsuite>
    <testsuite name="Common\Test\PBKDF2Test" file="/Users/Fuzzy/milf/milfphp/tests/PBKDF2.php" tests="4" assertions="8" failures="0" errors="0" time="0.029174">
      <testsuite name="Common\Test\PBKDF2Test::test_createHash" tests="4" assertions="8" failures="0" errors="0" time="0.029174">
        <testcase name="test_createHash with data set #0" assertions="2" time="0.007175"/>
        <testcase name="test_createHash with data set #1" assertions="2" time="0.008082"/>
        <testcase name="test_createHash with data set #2" assertions="2" time="0.006978"/>
        <testcase name="test_createHash with data set #3" assertions="2" time="0.006939"/>
      </testsuite>
    </testsuite>
    <testsuite name="Common\Test\RandomStringTest" file="/Users/Fuzzy/milf/milfphp/tests/RandomString.php" tests="6" assertions="18" failures="0" errors="0" time="0.007851">
      <testcase name="test_fileName" class="Common\Test\RandomStringTest" file="/Users/Fuzzy/milf/milfphp/tests/RandomString.php" line="76" assertions="7" time="0.002516"/>
      <testcase name="test_hashID" class="Common\Test\RandomStringTest" file="/Users/Fuzzy/milf/milfphp/tests/RandomString.php" line="91" assertions="7" time="0.002311"/>
      <testsuite name="Common\Test\RandomStringTest::test_shortHashID" tests="4" assertions="4" failures="0" errors="0" time="0.003024">
        <testcase name="test_shortHashID with data set #0" assertions="1" time="0.001012"/>
        <testcase name="test_shortHashID with data set #1" assertions="1" time="0.000387"/>
        <testcase name="test_shortHashID with data set #2" assertions="1" time="0.000920"/>
        <testcase name="test_shortHashID with data set #3" assertions="1" time="0.000705"/>
      </testsuite>
    </testsuite>
    <testsuite name="Common\Test\UrlManagerTest" file="/Users/Fuzzy/milf/milfphp/tests/UrlManager.php" tests="5" assertions="5" failures="0" errors="0" time="0.001942">
      <testsuite name="Common\Test\UrlManagerTest::test_createUrl" tests="3" assertions="3" failures="0" errors="0" time="0.001072">
        <testcase name="test_createUrl with data set #0" assertions="1" time="0.000473"/>
        <testcase name="test_createUrl with data set #1" assertions="1" time="0.000321"/>
        <testcase name="test_createUrl with data set #2" assertions="1" time="0.000278"/>
      </testsuite>
      <testsuite name="Common\Test\UrlManagerTest::test_parseUrl" tests="2" assertions="2" failures="0" errors="0" time="0.000870">
        <testcase name="test_parseUrl with data set #0" assertions="1" time="0.000345"/>
        <testcase name="test_parseUrl with data set #1" assertions="1" time="0.000525"/>
      </testsuite>
    </testsuite>
  </testsuite>
</testsuites>
