<?xml version="1.0" encoding="UTF-8"?>
<testsuites>
  <testsuite name="CommonPHP" tests="22" assertions="38" failures="0" errors="0" time="0.072605">
    <testsuite name="Common\Test\ApiControllerTest" file="/Users/Fuzzy/milf/milfphp/tests/ApiController.php" tests="7" assertions="7" failures="0" errors="0" time="0.011586">
      <testsuite name="Common\Test\ApiControllerTest::test_renderJSON" tests="3" assertions="3" failures="0" errors="0" time="0.009482">
        <testcase name="test_renderJSON with data set #0" assertions="1" time="0.003437"/>
        <testcase name="test_renderJSON with data set #1" assertions="1" time="0.003717"/>
        <testcase name="test_renderJSON with data set #2" assertions="1" time="0.002328"/>
      </testsuite>
      <testsuite name="Common\Test\ApiControllerTest::test_getReadLink" tests="2" assertions="2" failures="0" errors="0" time="0.001258">
        <testcase name="test_getReadLink with data set #0" assertions="1" time="0.000798"/>
        <testcase name="test_getReadLink with data set #1" assertions="1" time="0.000460"/>
      </testsuite>
      <testsuite name="Common\Test\ApiControllerTest::test_getHashID" tests="2" assertions="2" failures="0" errors="0" time="0.000846">
        <testcase name="test_getHashID with data set #0" assertions="1" time="0.000419"/>
        <testcase name="test_getHashID with data set #1" assertions="1" time="0.000427"/>
      </testsuite>
    </testsuite>
    <testsuite name="Common\Test\PBKDF2Test" file="/Users/Fuzzy/milf/milfphp/tests/PBKDF2.php" tests="4" assertions="8" failures="0" errors="0" time="0.046260">
      <testsuite name="Common\Test\PBKDF2Test::test_createHash" tests="4" assertions="8" failures="0" errors="0" time="0.046260">
        <testcase name="test_createHash with data set #0" assertions="2" time="0.011104"/>
        <testcase name="test_createHash with data set #1" assertions="2" time="0.008096"/>
        <testcase name="test_createHash with data set #2" assertions="2" time="0.014290"/>
        <testcase name="test_createHash with data set #3" assertions="2" time="0.012770"/>
      </testsuite>
    </testsuite>
    <testsuite name="Common\Test\RandomStringTest" file="/Users/Fuzzy/milf/milfphp/tests/RandomString.php" tests="6" assertions="18" failures="0" errors="0" time="0.012366">
      <testcase name="test_fileName" class="Common\Test\RandomStringTest" file="/Users/Fuzzy/milf/milfphp/tests/RandomString.php" line="76" assertions="7" time="0.004968"/>
      <testcase name="test_hashID" class="Common\Test\RandomStringTest" file="/Users/Fuzzy/milf/milfphp/tests/RandomString.php" line="91" assertions="7" time="0.004260"/>
      <testsuite name="Common\Test\RandomStringTest::test_shortHashID" tests="4" assertions="4" failures="0" errors="0" time="0.003138">
        <testcase name="test_shortHashID with data set #0" assertions="1" time="0.001199"/>
        <testcase name="test_shortHashID with data set #1" assertions="1" time="0.000690"/>
        <testcase name="test_shortHashID with data set #2" assertions="1" time="0.000651"/>
        <testcase name="test_shortHashID with data set #3" assertions="1" time="0.000598"/>
      </testsuite>
    </testsuite>
    <testsuite name="Common\Test\UrlManagerTest" file="/Users/Fuzzy/milf/milfphp/tests/UrlManager.php" tests="5" assertions="5" failures="0" errors="0" time="0.002393">
      <testsuite name="Common\Test\UrlManagerTest::test_createUrl" tests="3" assertions="3" failures="0" errors="0" time="0.001264">
        <testcase name="test_createUrl with data set #0" assertions="1" time="0.000429"/>
        <testcase name="test_createUrl with data set #1" assertions="1" time="0.000422"/>
        <testcase name="test_createUrl with data set #2" assertions="1" time="0.000413"/>
      </testsuite>
      <testsuite name="Common\Test\UrlManagerTest::test_parseUrl" tests="2" assertions="2" failures="0" errors="0" time="0.001129">
        <testcase name="test_parseUrl with data set #0" assertions="1" time="0.000562"/>
        <testcase name="test_parseUrl with data set #1" assertions="1" time="0.000567"/>
      </testsuite>
    </testsuite>
  </testsuite>
</testsuites>
