<?xml version="1.0" encoding="UTF-8"?>
<testsuites>
  <testsuite name="CommonPHP" tests="24" assertions="40" failures="0" errors="0" time="0.046013">
    <testsuite name="Common\Test\ApiControllerTest" file="/Users/Fuzzy/milf/milfphp/tests/ApiController.php" tests="9" assertions="9" failures="0" errors="0" time="0.008536">
      <testsuite name="Common\Test\ApiControllerTest::test_renderJSON" tests="3" assertions="3" failures="0" errors="0" time="0.006439">
        <testcase name="test_renderJSON with data set #0" assertions="1" time="0.002782"/>
        <testcase name="test_renderJSON with data set #1" assertions="1" time="0.001833"/>
        <testcase name="test_renderJSON with data set #2" assertions="1" time="0.001824"/>
      </testsuite>
      <testsuite name="Common\Test\ApiControllerTest::test_getReadLink" tests="2" assertions="2" failures="0" errors="0" time="0.000980">
        <testcase name="test_getReadLink with data set #0" assertions="1" time="0.000666"/>
        <testcase name="test_getReadLink with data set #1" assertions="1" time="0.000314"/>
      </testsuite>
      <testsuite name="Common\Test\ApiControllerTest::test_getHashID" tests="4" assertions="4" failures="0" errors="0" time="0.001118">
        <testcase name="test_getHashID with data set #0" assertions="1" time="0.000299"/>
        <testcase name="test_getHashID with data set #1" assertions="1" time="0.000282"/>
        <testcase name="test_getHashID with data set #2" assertions="1" time="0.000273"/>
        <testcase name="test_getHashID with data set #3" assertions="1" time="0.000264"/>
      </testsuite>
    </testsuite>
    <testsuite name="Common\Test\PBKDF2Test" file="/Users/Fuzzy/milf/milfphp/tests/PBKDF2.php" tests="4" assertions="8" failures="0" errors="0" time="0.028353">
      <testsuite name="Common\Test\PBKDF2Test::test_createHash" tests="4" assertions="8" failures="0" errors="0" time="0.028353">
        <testcase name="test_createHash with data set #0" assertions="2" time="0.006955"/>
        <testcase name="test_createHash with data set #1" assertions="2" time="0.007191"/>
        <testcase name="test_createHash with data set #2" assertions="2" time="0.007026"/>
        <testcase name="test_createHash with data set #3" assertions="2" time="0.007181"/>
      </testsuite>
    </testsuite>
    <testsuite name="Common\Test\RandomStringTest" file="/Users/Fuzzy/milf/milfphp/tests/RandomString.php" tests="6" assertions="18" failures="0" errors="0" time="0.007629">
      <testcase name="test_fileName" class="Common\Test\RandomStringTest" file="/Users/Fuzzy/milf/milfphp/tests/RandomString.php" line="76" assertions="7" time="0.002935"/>
      <testcase name="test_hashID" class="Common\Test\RandomStringTest" file="/Users/Fuzzy/milf/milfphp/tests/RandomString.php" line="91" assertions="7" time="0.002462"/>
      <testsuite name="Common\Test\RandomStringTest::test_shortHashID" tests="4" assertions="4" failures="0" errors="0" time="0.002231">
        <testcase name="test_shortHashID with data set #0" assertions="1" time="0.000956"/>
        <testcase name="test_shortHashID with data set #1" assertions="1" time="0.000538"/>
        <testcase name="test_shortHashID with data set #2" assertions="1" time="0.000378"/>
        <testcase name="test_shortHashID with data set #3" assertions="1" time="0.000359"/>
      </testsuite>
    </testsuite>
    <testsuite name="Common\Test\UrlManagerTest" file="/Users/Fuzzy/milf/milfphp/tests/UrlManager.php" tests="5" assertions="5" failures="0" errors="0" time="0.001495">
      <testsuite name="Common\Test\UrlManagerTest::test_createUrl" tests="3" assertions="3" failures="0" errors="0" time="0.000896">
        <testcase name="test_createUrl with data set #0" assertions="1" time="0.000341"/>
        <testcase name="test_createUrl with data set #1" assertions="1" time="0.000277"/>
        <testcase name="test_createUrl with data set #2" assertions="1" time="0.000278"/>
      </testsuite>
      <testsuite name="Common\Test\UrlManagerTest::test_parseUrl" tests="2" assertions="2" failures="0" errors="0" time="0.000599">
        <testcase name="test_parseUrl with data set #0" assertions="1" time="0.000335"/>
        <testcase name="test_parseUrl with data set #1" assertions="1" time="0.000264"/>
      </testsuite>
    </testsuite>
  </testsuite>
</testsuites>
