<?xml version="1.0" encoding="UTF-8"?>
<testsuites>
  <testsuite name="CommonPHP" tests="15" assertions="18" failures="0" errors="0" time="0.010374">
    <testsuite name="Common\Test\ApiControllerTest" file="/Users/Fuzzy/milf/milfphp/tests/ApiController.php" tests="7" assertions="7" failures="0" errors="0" time="0.007656">
      <testsuite name="Common\Test\ApiControllerTest::test_renderJSON" tests="3" assertions="3" failures="0" errors="0" time="0.006217">
        <testcase name="test_renderJSON with data set #0" assertions="1" time="0.001820"/>
        <testcase name="test_renderJSON with data set #1" assertions="1" time="0.002599"/>
        <testcase name="test_renderJSON with data set #2" assertions="1" time="0.001798"/>
      </testsuite>
      <testsuite name="Common\Test\ApiControllerTest::test_getReadLink" tests="2" assertions="2" failures="0" errors="0" time="0.000915">
        <testcase name="test_getReadLink with data set #0" assertions="1" time="0.000560"/>
        <testcase name="test_getReadLink with data set #1" assertions="1" time="0.000355"/>
      </testsuite>
      <testsuite name="Common\Test\ApiControllerTest::test_getHashID" tests="2" assertions="2" failures="0" errors="0" time="0.000524">
        <testcase name="test_getHashID with data set #0" assertions="1" time="0.000259"/>
        <testcase name="test_getHashID with data set #1" assertions="1" time="0.000265"/>
      </testsuite>
    </testsuite>
    <testsuite name="Common\Test\ReflectionTest" file="/Users/Fuzzy/milf/milfphp/tests/Reflection.php" tests="3" assertions="6" failures="0" errors="0" time="0.001195">
      <testcase name="test_callMethod" class="Common\Test\ReflectionTest" file="/Users/Fuzzy/milf/milfphp/tests/Reflection.php" line="33" assertions="2" time="0.000355"/>
      <testcase name="test_private_property" class="Common\Test\ReflectionTest" file="/Users/Fuzzy/milf/milfphp/tests/Reflection.php" line="43" assertions="2" time="0.000490"/>
      <testcase name="test_static_property" class="Common\Test\ReflectionTest" file="/Users/Fuzzy/milf/milfphp/tests/Reflection.php" line="55" assertions="2" time="0.000350"/>
    </testsuite>
    <testsuite name="Common\Test\UrlManagerTest" file="/Users/Fuzzy/milf/milfphp/tests/UrlManager.php" tests="5" assertions="5" failures="0" errors="0" time="0.001523">
      <testsuite name="Common\Test\UrlManagerTest::test_createUrl" tests="3" assertions="3" failures="0" errors="0" time="0.000927">
        <testcase name="test_createUrl with data set #0" assertions="1" time="0.000367"/>
        <testcase name="test_createUrl with data set #1" assertions="1" time="0.000317"/>
        <testcase name="test_createUrl with data set #2" assertions="1" time="0.000243"/>
      </testsuite>
      <testsuite name="Common\Test\UrlManagerTest::test_parseUrl" tests="2" assertions="2" failures="0" errors="0" time="0.000596">
        <testcase name="test_parseUrl with data set #0" assertions="1" time="0.000326"/>
        <testcase name="test_parseUrl with data set #1" assertions="1" time="0.000270"/>
      </testsuite>
    </testsuite>
  </testsuite>
</testsuites>
