<?xml version="1.0" encoding="UTF-8"?>
<testsuites>
  <testsuite name="CommonPHP" tests="24" assertions="40" failures="0" errors="0" time="0.054489">
    <testsuite name="Common\Test\ApiControllerTest" file="/Users/Fuzzy/milf/milfphp/tests/ApiController.php" tests="9" assertions="9" failures="0" errors="0" time="0.014217">
      <testsuite name="Common\Test\ApiControllerTest::test_renderJSON" tests="3" assertions="3" failures="0" errors="0" time="0.011005">
        <testcase name="test_renderJSON with data set #0" assertions="1" time="0.007159"/>
        <testcase name="test_renderJSON with data set #1" assertions="1" time="0.001839"/>
        <testcase name="test_renderJSON with data set #2" assertions="1" time="0.002007"/>
      </testsuite>
      <testsuite name="Common\Test\ApiControllerTest::test_getReadLink" tests="2" assertions="2" failures="0" errors="0" time="0.001208">
        <testcase name="test_getReadLink with data set #0" assertions="1" time="0.000756"/>
        <testcase name="test_getReadLink with data set #1" assertions="1" time="0.000452"/>
      </testsuite>
      <testsuite name="Common\Test\ApiControllerTest::test_getHashID" tests="4" assertions="4" failures="0" errors="0" time="0.002004">
        <testcase name="test_getHashID with data set #0" assertions="1" time="0.000451"/>
        <testcase name="test_getHashID with data set #1" assertions="1" time="0.000568"/>
        <testcase name="test_getHashID with data set #2" assertions="1" time="0.000613"/>
        <testcase name="test_getHashID with data set #3" assertions="1" time="0.000372"/>
      </testsuite>
    </testsuite>
    <testsuite name="Common\Test\PBKDF2Test" file="/Users/Fuzzy/milf/milfphp/tests/PBKDF2.php" tests="4" assertions="8" failures="0" errors="0" time="0.029880">
      <testsuite name="Common\Test\PBKDF2Test::test_createHash" tests="4" assertions="8" failures="0" errors="0" time="0.029880">
        <testcase name="test_createHash with data set #0" assertions="2" time="0.007357"/>
        <testcase name="test_createHash with data set #1" assertions="2" time="0.007689"/>
        <testcase name="test_createHash with data set #2" assertions="2" time="0.007281"/>
        <testcase name="test_createHash with data set #3" assertions="2" time="0.007553"/>
      </testsuite>
    </testsuite>
    <testsuite name="Common\Test\RandomStringTest" file="/Users/Fuzzy/milf/milfphp/tests/RandomString.php" tests="6" assertions="18" failures="0" errors="0" time="0.008800">
      <testcase name="test_fileName" class="Common\Test\RandomStringTest" file="/Users/Fuzzy/milf/milfphp/tests/RandomString.php" line="76" assertions="7" time="0.002588"/>
      <testcase name="test_hashID" class="Common\Test\RandomStringTest" file="/Users/Fuzzy/milf/milfphp/tests/RandomString.php" line="91" assertions="7" time="0.002472"/>
      <testsuite name="Common\Test\RandomStringTest::test_shortHashID" tests="4" assertions="4" failures="0" errors="0" time="0.003740">
        <testcase name="test_shortHashID with data set #0" assertions="1" time="0.002450"/>
        <testcase name="test_shortHashID with data set #1" assertions="1" time="0.000463"/>
        <testcase name="test_shortHashID with data set #2" assertions="1" time="0.000452"/>
        <testcase name="test_shortHashID with data set #3" assertions="1" time="0.000375"/>
      </testsuite>
    </testsuite>
    <testsuite name="Common\Test\UrlManagerTest" file="/Users/Fuzzy/milf/milfphp/tests/UrlManager.php" tests="5" assertions="5" failures="0" errors="0" time="0.001592">
      <testsuite name="Common\Test\UrlManagerTest::test_createUrl" tests="3" assertions="3" failures="0" errors="0" time="0.000885">
        <testcase name="test_createUrl with data set #0" assertions="1" time="0.000356"/>
        <testcase name="test_createUrl with data set #1" assertions="1" time="0.000261"/>
        <testcase name="test_createUrl with data set #2" assertions="1" time="0.000268"/>
      </testsuite>
      <testsuite name="Common\Test\UrlManagerTest::test_parseUrl" tests="2" assertions="2" failures="0" errors="0" time="0.000707">
        <testcase name="test_parseUrl with data set #0" assertions="1" time="0.000421"/>
        <testcase name="test_parseUrl with data set #1" assertions="1" time="0.000286"/>
      </testsuite>
    </testsuite>
  </testsuite>
</testsuites>
