<?xml version="1.0" encoding="UTF-8"?>
<testsuites>
  <testsuite name="CommonPHP" tests="24" assertions="40" failures="0" errors="0" time="0.048804">
    <testsuite name="Common\Test\ApiControllerTest" file="/Users/Fuzzy/milf/milfphp/tests/ApiController.php" tests="9" assertions="9" failures="0" errors="0" time="0.009066">
      <testsuite name="Common\Test\ApiControllerTest::test_renderJSON" tests="3" assertions="3" failures="0" errors="0" time="0.005807">
        <testcase name="test_renderJSON with data set #0" assertions="1" time="0.001897"/>
        <testcase name="test_renderJSON with data set #1" assertions="1" time="0.002053"/>
        <testcase name="test_renderJSON with data set #2" assertions="1" time="0.001857"/>
      </testsuite>
      <testsuite name="Common\Test\ApiControllerTest::test_getReadLink" tests="2" assertions="2" failures="0" errors="0" time="0.002007">
        <testcase name="test_getReadLink with data set #0" assertions="1" time="0.001468"/>
        <testcase name="test_getReadLink with data set #1" assertions="1" time="0.000539"/>
      </testsuite>
      <testsuite name="Common\Test\ApiControllerTest::test_getHashID" tests="4" assertions="4" failures="0" errors="0" time="0.001252">
        <testcase name="test_getHashID with data set #0" assertions="1" time="0.000271"/>
        <testcase name="test_getHashID with data set #1" assertions="1" time="0.000261"/>
        <testcase name="test_getHashID with data set #2" assertions="1" time="0.000283"/>
        <testcase name="test_getHashID with data set #3" assertions="1" time="0.000437"/>
      </testsuite>
    </testsuite>
    <testsuite name="Common\Test\PBKDF2Test" file="/Users/Fuzzy/milf/milfphp/tests/PBKDF2.php" tests="4" assertions="8" failures="0" errors="0" time="0.029600">
      <testsuite name="Common\Test\PBKDF2Test::test_createHash" tests="4" assertions="8" failures="0" errors="0" time="0.029600">
        <testcase name="test_createHash with data set #0" assertions="2" time="0.007288"/>
        <testcase name="test_createHash with data set #1" assertions="2" time="0.007537"/>
        <testcase name="test_createHash with data set #2" assertions="2" time="0.006885"/>
        <testcase name="test_createHash with data set #3" assertions="2" time="0.007890"/>
      </testsuite>
    </testsuite>
    <testsuite name="Common\Test\RandomStringTest" file="/Users/Fuzzy/milf/milfphp/tests/RandomString.php" tests="6" assertions="18" failures="0" errors="0" time="0.008551">
      <testcase name="test_fileName" class="Common\Test\RandomStringTest" file="/Users/Fuzzy/milf/milfphp/tests/RandomString.php" line="76" assertions="7" time="0.003073"/>
      <testcase name="test_hashID" class="Common\Test\RandomStringTest" file="/Users/Fuzzy/milf/milfphp/tests/RandomString.php" line="91" assertions="7" time="0.003055"/>
      <testsuite name="Common\Test\RandomStringTest::test_shortHashID" tests="4" assertions="4" failures="0" errors="0" time="0.002423">
        <testcase name="test_shortHashID with data set #0" assertions="1" time="0.001095"/>
        <testcase name="test_shortHashID with data set #1" assertions="1" time="0.000544"/>
        <testcase name="test_shortHashID with data set #2" assertions="1" time="0.000376"/>
        <testcase name="test_shortHashID with data set #3" assertions="1" time="0.000408"/>
      </testsuite>
    </testsuite>
    <testsuite name="Common\Test\UrlManagerTest" file="/Users/Fuzzy/milf/milfphp/tests/UrlManager.php" tests="5" assertions="5" failures="0" errors="0" time="0.001588">
      <testsuite name="Common\Test\UrlManagerTest::test_createUrl" tests="3" assertions="3" failures="0" errors="0" time="0.000971">
        <testcase name="test_createUrl with data set #0" assertions="1" time="0.000343"/>
        <testcase name="test_createUrl with data set #1" assertions="1" time="0.000352"/>
        <testcase name="test_createUrl with data set #2" assertions="1" time="0.000276"/>
      </testsuite>
      <testsuite name="Common\Test\UrlManagerTest::test_parseUrl" tests="2" assertions="2" failures="0" errors="0" time="0.000617">
        <testcase name="test_parseUrl with data set #0" assertions="1" time="0.000334"/>
        <testcase name="test_parseUrl with data set #1" assertions="1" time="0.000283"/>
      </testsuite>
    </testsuite>
  </testsuite>
</testsuites>
