<?xml version="1.0" encoding="UTF-8"?>
<testsuites>
  <testsuite name="CommonPHP" tests="22" assertions="38" failures="0" errors="0" time="0.047125">
    <testsuite name="Common\Test\ApiControllerTest" file="/Users/Fuzzy/milf/milfphp/tests/ApiController.php" tests="7" assertions="7" failures="0" errors="0" time="0.007406">
      <testsuite name="Common\Test\ApiControllerTest::test_renderJSON" tests="3" assertions="3" failures="0" errors="0" time="0.005705">
        <testcase name="test_renderJSON with data set #0" assertions="1" time="0.001877"/>
        <testcase name="test_renderJSON with data set #1" assertions="1" time="0.001885"/>
        <testcase name="test_renderJSON with data set #2" assertions="1" time="0.001943"/>
      </testsuite>
      <testsuite name="Common\Test\ApiControllerTest::test_getReadLink" tests="2" assertions="2" failures="0" errors="0" time="0.000936">
        <testcase name="test_getReadLink with data set #0" assertions="1" time="0.000645"/>
        <testcase name="test_getReadLink with data set #1" assertions="1" time="0.000291"/>
      </testsuite>
      <testsuite name="Common\Test\ApiControllerTest::test_getHashID" tests="2" assertions="2" failures="0" errors="0" time="0.000765">
        <testcase name="test_getHashID with data set #0" assertions="1" time="0.000262"/>
        <testcase name="test_getHashID with data set #1" assertions="1" time="0.000503"/>
      </testsuite>
    </testsuite>
    <testsuite name="Common\Test\PBKDF2Test" file="/Users/Fuzzy/milf/milfphp/tests/PBKDF2.php" tests="4" assertions="8" failures="0" errors="0" time="0.028558">
      <testsuite name="Common\Test\PBKDF2Test::test_createHash" tests="4" assertions="8" failures="0" errors="0" time="0.028558">
        <testcase name="test_createHash with data set #0" assertions="2" time="0.007365"/>
        <testcase name="test_createHash with data set #1" assertions="2" time="0.006852"/>
        <testcase name="test_createHash with data set #2" assertions="2" time="0.007041"/>
        <testcase name="test_createHash with data set #3" assertions="2" time="0.007300"/>
      </testsuite>
    </testsuite>
    <testsuite name="Common\Test\RandomStringTest" file="/Users/Fuzzy/milf/milfphp/tests/RandomString.php" tests="6" assertions="18" failures="0" errors="0" time="0.009480">
      <testcase name="test_fileName" class="Common\Test\RandomStringTest" file="/Users/Fuzzy/milf/milfphp/tests/RandomString.php" line="76" assertions="7" time="0.004229"/>
      <testcase name="test_hashID" class="Common\Test\RandomStringTest" file="/Users/Fuzzy/milf/milfphp/tests/RandomString.php" line="91" assertions="7" time="0.003005"/>
      <testsuite name="Common\Test\RandomStringTest::test_shortHashID" tests="4" assertions="4" failures="0" errors="0" time="0.002246">
        <testcase name="test_shortHashID with data set #0" assertions="1" time="0.001124"/>
        <testcase name="test_shortHashID with data set #1" assertions="1" time="0.000415"/>
        <testcase name="test_shortHashID with data set #2" assertions="1" time="0.000344"/>
        <testcase name="test_shortHashID with data set #3" assertions="1" time="0.000363"/>
      </testsuite>
    </testsuite>
    <testsuite name="Common\Test\UrlManagerTest" file="/Users/Fuzzy/milf/milfphp/tests/UrlManager.php" tests="5" assertions="5" failures="0" errors="0" time="0.001680">
      <testsuite name="Common\Test\UrlManagerTest::test_createUrl" tests="3" assertions="3" failures="0" errors="0" time="0.001049">
        <testcase name="test_createUrl with data set #0" assertions="1" time="0.000492"/>
        <testcase name="test_createUrl with data set #1" assertions="1" time="0.000310"/>
        <testcase name="test_createUrl with data set #2" assertions="1" time="0.000247"/>
      </testsuite>
      <testsuite name="Common\Test\UrlManagerTest::test_parseUrl" tests="2" assertions="2" failures="0" errors="0" time="0.000631">
        <testcase name="test_parseUrl with data set #0" assertions="1" time="0.000348"/>
        <testcase name="test_parseUrl with data set #1" assertions="1" time="0.000283"/>
      </testsuite>
    </testsuite>
  </testsuite>
</testsuites>
