<?xml version="1.0" encoding="UTF-8"?>
<testsuites>
  <testsuite name="CommonPHP" tests="22" assertions="38" failures="0" errors="0" time="0.055388">
    <testsuite name="Common\Test\ApiControllerTest" file="/Users/Fuzzy/milf/milfphp/tests/ApiController.php" tests="7" assertions="7" failures="0" errors="0" time="0.012823">
      <testsuite name="Common\Test\ApiControllerTest::test_renderJSON" tests="3" assertions="3" failures="0" errors="0" time="0.011184">
        <testcase name="test_renderJSON with data set #0" assertions="1" time="0.005738"/>
        <testcase name="test_renderJSON with data set #1" assertions="1" time="0.003305"/>
        <testcase name="test_renderJSON with data set #2" assertions="1" time="0.002141"/>
      </testsuite>
      <testsuite name="Common\Test\ApiControllerTest::test_getReadLink" tests="2" assertions="2" failures="0" errors="0" time="0.001093">
        <testcase name="test_getReadLink with data set #0" assertions="1" time="0.000609"/>
        <testcase name="test_getReadLink with data set #1" assertions="1" time="0.000484"/>
      </testsuite>
      <testsuite name="Common\Test\ApiControllerTest::test_getHashID" tests="2" assertions="2" failures="0" errors="0" time="0.000546">
        <testcase name="test_getHashID with data set #0" assertions="1" time="0.000286"/>
        <testcase name="test_getHashID with data set #1" assertions="1" time="0.000260"/>
      </testsuite>
    </testsuite>
    <testsuite name="Common\Test\PBKDF2Test" file="/Users/Fuzzy/milf/milfphp/tests/PBKDF2.php" tests="4" assertions="8" failures="0" errors="0" time="0.030715">
      <testsuite name="Common\Test\PBKDF2Test::test_createHash" tests="4" assertions="8" failures="0" errors="0" time="0.030715">
        <testcase name="test_createHash with data set #0" assertions="2" time="0.008360"/>
        <testcase name="test_createHash with data set #1" assertions="2" time="0.007426"/>
        <testcase name="test_createHash with data set #2" assertions="2" time="0.007032"/>
        <testcase name="test_createHash with data set #3" assertions="2" time="0.007897"/>
      </testsuite>
    </testsuite>
    <testsuite name="Common\Test\RandomStringTest" file="/Users/Fuzzy/milf/milfphp/tests/RandomString.php" tests="6" assertions="18" failures="0" errors="0" time="0.009764">
      <testcase name="test_fileName" class="Common\Test\RandomStringTest" file="/Users/Fuzzy/milf/milfphp/tests/RandomString.php" line="76" assertions="7" time="0.002573"/>
      <testcase name="test_hashID" class="Common\Test\RandomStringTest" file="/Users/Fuzzy/milf/milfphp/tests/RandomString.php" line="91" assertions="7" time="0.002370"/>
      <testsuite name="Common\Test\RandomStringTest::test_shortHashID" tests="4" assertions="4" failures="0" errors="0" time="0.004821">
        <testcase name="test_shortHashID with data set #0" assertions="1" time="0.003622"/>
        <testcase name="test_shortHashID with data set #1" assertions="1" time="0.000500"/>
        <testcase name="test_shortHashID with data set #2" assertions="1" time="0.000366"/>
        <testcase name="test_shortHashID with data set #3" assertions="1" time="0.000333"/>
      </testsuite>
    </testsuite>
    <testsuite name="Common\Test\UrlManagerTest" file="/Users/Fuzzy/milf/milfphp/tests/UrlManager.php" tests="5" assertions="5" failures="0" errors="0" time="0.002085">
      <testsuite name="Common\Test\UrlManagerTest::test_createUrl" tests="3" assertions="3" failures="0" errors="0" time="0.001441">
        <testcase name="test_createUrl with data set #0" assertions="1" time="0.000415"/>
        <testcase name="test_createUrl with data set #1" assertions="1" time="0.000747"/>
        <testcase name="test_createUrl with data set #2" assertions="1" time="0.000279"/>
      </testsuite>
      <testsuite name="Common\Test\UrlManagerTest::test_parseUrl" tests="2" assertions="2" failures="0" errors="0" time="0.000644">
        <testcase name="test_parseUrl with data set #0" assertions="1" time="0.000356"/>
        <testcase name="test_parseUrl with data set #1" assertions="1" time="0.000288"/>
      </testsuite>
    </testsuite>
  </testsuite>
</testsuites>
