<?xml version="1.0" encoding="UTF-8"?>
<testsuites>
  <testsuite name="CommonPHP" tests="27" assertions="43" failures="0" errors="0" time="0.069798">
    <testsuite name="Common\Test\ApiControllerTest" file="/Users/Fuzzy/milf/milfphp/tests/ApiController.php" tests="12" assertions="12" failures="0" errors="0" time="0.024658">
      <testsuite name="Common\Test\ApiControllerTest::test_renderJSON" tests="3" assertions="3" failures="0" errors="0" time="0.011758">
        <testcase name="test_renderJSON with data set #0" assertions="1" time="0.004397"/>
        <testcase name="test_renderJSON with data set #1" assertions="1" time="0.003292"/>
        <testcase name="test_renderJSON with data set #2" assertions="1" time="0.004069"/>
      </testsuite>
      <testsuite name="Common\Test\ApiControllerTest::test_renderJSONError" tests="3" assertions="3" failures="0" errors="0" time="0.010903">
        <testcase name="test_renderJSONError with data set #0" assertions="1" time="0.002379"/>
        <testcase name="test_renderJSONError with data set #1" assertions="1" time="0.006618"/>
        <testcase name="test_renderJSONError with data set #2" assertions="1" time="0.001906"/>
      </testsuite>
      <testsuite name="Common\Test\ApiControllerTest::test_getReadLink" tests="2" assertions="2" failures="0" errors="0" time="0.000944">
        <testcase name="test_getReadLink with data set #0" assertions="1" time="0.000630"/>
        <testcase name="test_getReadLink with data set #1" assertions="1" time="0.000314"/>
      </testsuite>
      <testsuite name="Common\Test\ApiControllerTest::test_getHashID" tests="4" assertions="4" failures="0" errors="0" time="0.001053">
        <testcase name="test_getHashID with data set #0" assertions="1" time="0.000281"/>
        <testcase name="test_getHashID with data set #1" assertions="1" time="0.000258"/>
        <testcase name="test_getHashID with data set #2" assertions="1" time="0.000274"/>
        <testcase name="test_getHashID with data set #3" assertions="1" time="0.000240"/>
      </testsuite>
    </testsuite>
    <testsuite name="Common\Test\PBKDF2Test" file="/Users/Fuzzy/milf/milfphp/tests/PBKDF2.php" tests="4" assertions="8" failures="0" errors="0" time="0.031702">
      <testsuite name="Common\Test\PBKDF2Test::test_createHash" tests="4" assertions="8" failures="0" errors="0" time="0.031702">
        <testcase name="test_createHash with data set #0" assertions="2" time="0.009461"/>
        <testcase name="test_createHash with data set #1" assertions="2" time="0.007446"/>
        <testcase name="test_createHash with data set #2" assertions="2" time="0.007100"/>
        <testcase name="test_createHash with data set #3" assertions="2" time="0.007695"/>
      </testsuite>
    </testsuite>
    <testsuite name="Common\Test\RandomStringTest" file="/Users/Fuzzy/milf/milfphp/tests/RandomString.php" tests="6" assertions="18" failures="0" errors="0" time="0.010864">
      <testcase name="test_fileName" class="Common\Test\RandomStringTest" file="/Users/Fuzzy/milf/milfphp/tests/RandomString.php" line="76" assertions="7" time="0.003477"/>
      <testcase name="test_hashID" class="Common\Test\RandomStringTest" file="/Users/Fuzzy/milf/milfphp/tests/RandomString.php" line="91" assertions="7" time="0.002548"/>
      <testsuite name="Common\Test\RandomStringTest::test_shortHashID" tests="4" assertions="4" failures="0" errors="0" time="0.004839">
        <testcase name="test_shortHashID with data set #0" assertions="1" time="0.003665"/>
        <testcase name="test_shortHashID with data set #1" assertions="1" time="0.000456"/>
        <testcase name="test_shortHashID with data set #2" assertions="1" time="0.000371"/>
        <testcase name="test_shortHashID with data set #3" assertions="1" time="0.000347"/>
      </testsuite>
    </testsuite>
    <testsuite name="Common\Test\UrlManagerTest" file="/Users/Fuzzy/milf/milfphp/tests/UrlManager.php" tests="5" assertions="5" failures="0" errors="0" time="0.002574">
      <testsuite name="Common\Test\UrlManagerTest::test_createUrl" tests="3" assertions="3" failures="0" errors="0" time="0.001923">
        <testcase name="test_createUrl with data set #0" assertions="1" time="0.000980"/>
        <testcase name="test_createUrl with data set #1" assertions="1" time="0.000612"/>
        <testcase name="test_createUrl with data set #2" assertions="1" time="0.000331"/>
      </testsuite>
      <testsuite name="Common\Test\UrlManagerTest::test_parseUrl" tests="2" assertions="2" failures="0" errors="0" time="0.000651">
        <testcase name="test_parseUrl with data set #0" assertions="1" time="0.000361"/>
        <testcase name="test_parseUrl with data set #1" assertions="1" time="0.000290"/>
      </testsuite>
    </testsuite>
  </testsuite>
</testsuites>
