<?xml version="1.0" encoding="UTF-8"?>
<testsuites>
  <testsuite name="CommonPHP" tests="24" assertions="40" failures="0" errors="0" time="0.045771">
    <testsuite name="Common\Test\ApiControllerTest" file="/Users/Fuzzy/milf/milfphp/tests/ApiController.php" tests="9" assertions="9" failures="0" errors="0" time="0.009637">
      <testsuite name="Common\Test\ApiControllerTest::test_renderJSON" tests="3" assertions="3" failures="0" errors="0" time="0.007573">
        <testcase name="test_renderJSON with data set #0" assertions="1" time="0.003807"/>
        <testcase name="test_renderJSON with data set #1" assertions="1" time="0.002009"/>
        <testcase name="test_renderJSON with data set #2" assertions="1" time="0.001757"/>
      </testsuite>
      <testsuite name="Common\Test\ApiControllerTest::test_getReadLink" tests="2" assertions="2" failures="0" errors="0" time="0.001011">
        <testcase name="test_getReadLink with data set #0" assertions="1" time="0.000634"/>
        <testcase name="test_getReadLink with data set #1" assertions="1" time="0.000377"/>
      </testsuite>
      <testsuite name="Common\Test\ApiControllerTest::test_getHashID" tests="4" assertions="4" failures="0" errors="0" time="0.001053">
        <testcase name="test_getHashID with data set #0" assertions="1" time="0.000265"/>
        <testcase name="test_getHashID with data set #1" assertions="1" time="0.000253"/>
        <testcase name="test_getHashID with data set #2" assertions="1" time="0.000272"/>
        <testcase name="test_getHashID with data set #3" assertions="1" time="0.000263"/>
      </testsuite>
    </testsuite>
    <testsuite name="Common\Test\PBKDF2Test" file="/Users/Fuzzy/milf/milfphp/tests/PBKDF2.php" tests="4" assertions="8" failures="0" errors="0" time="0.027344">
      <testsuite name="Common\Test\PBKDF2Test::test_createHash" tests="4" assertions="8" failures="0" errors="0" time="0.027344">
        <testcase name="test_createHash with data set #0" assertions="2" time="0.006832"/>
        <testcase name="test_createHash with data set #1" assertions="2" time="0.007105"/>
        <testcase name="test_createHash with data set #2" assertions="2" time="0.006708"/>
        <testcase name="test_createHash with data set #3" assertions="2" time="0.006699"/>
      </testsuite>
    </testsuite>
    <testsuite name="Common\Test\RandomStringTest" file="/Users/Fuzzy/milf/milfphp/tests/RandomString.php" tests="6" assertions="18" failures="0" errors="0" time="0.007294">
      <testcase name="test_fileName" class="Common\Test\RandomStringTest" file="/Users/Fuzzy/milf/milfphp/tests/RandomString.php" line="76" assertions="7" time="0.002799"/>
      <testcase name="test_hashID" class="Common\Test\RandomStringTest" file="/Users/Fuzzy/milf/milfphp/tests/RandomString.php" line="91" assertions="7" time="0.002408"/>
      <testsuite name="Common\Test\RandomStringTest::test_shortHashID" tests="4" assertions="4" failures="0" errors="0" time="0.002087">
        <testcase name="test_shortHashID with data set #0" assertions="1" time="0.000960"/>
        <testcase name="test_shortHashID with data set #1" assertions="1" time="0.000392"/>
        <testcase name="test_shortHashID with data set #2" assertions="1" time="0.000356"/>
        <testcase name="test_shortHashID with data set #3" assertions="1" time="0.000379"/>
      </testsuite>
    </testsuite>
    <testsuite name="Common\Test\UrlManagerTest" file="/Users/Fuzzy/milf/milfphp/tests/UrlManager.php" tests="5" assertions="5" failures="0" errors="0" time="0.001496">
      <testsuite name="Common\Test\UrlManagerTest::test_createUrl" tests="3" assertions="3" failures="0" errors="0" time="0.000875">
        <testcase name="test_createUrl with data set #0" assertions="1" time="0.000337"/>
        <testcase name="test_createUrl with data set #1" assertions="1" time="0.000261"/>
        <testcase name="test_createUrl with data set #2" assertions="1" time="0.000277"/>
      </testsuite>
      <testsuite name="Common\Test\UrlManagerTest::test_parseUrl" tests="2" assertions="2" failures="0" errors="0" time="0.000621">
        <testcase name="test_parseUrl with data set #0" assertions="1" time="0.000327"/>
        <testcase name="test_parseUrl with data set #1" assertions="1" time="0.000294"/>
      </testsuite>
    </testsuite>
  </testsuite>
</testsuites>
